<?xml version="1.0" encoding="UTF-8"?>

<!-- generated on 04/30/19 22:45:27 by Eclipse SUMO GUI Version 1.1.0
<configuration xmlns:xsi="http://www.w3.org/2001/XMLSchema-instance" xsi:noNamespaceSchemaLocation="http://sumo.dlr.de/xsd/sumoConfiguration.xsd">

    <input>
        <net-file value="cross.net.xml"/>
        <route-files value="input_routes.rou.xml"/>
        <additional-files value="cross.add.xml"/>
    </input>

    <time>
        <begin value="0"/>
        <end value="2000"/>
    </time>

    <traci_server>
        <remote-port value="60626"/>
    </traci_server>

    <gui_only>
        <quit-on-end value="true"/>
        <start value="true"/>
    </gui_only>

</configuration>
-->

<detector xmlns:xsi="http://www.w3.org/2001/XMLSchema-instance" xsi:noNamespaceSchemaLocation="http://sumo.dlr.de/xsd/det_e1_file.xsd">
    <interval begin="0.00" end="500.00" id="det_11" nVehContrib="42" flow="302.40" occupancy="27.35" speed="1.56" length="5.00" nVehEntered="43"/>
    <interval begin="0.00" end="500.00" id="det_12" nVehContrib="34" flow="244.80" occupancy="68.30" speed="4.88" length="5.00" nVehEntered="35"/>
    <interval begin="0.00" end="500.00" id="det_21" nVehContrib="35" flow="252.00" occupancy="22.46" speed="1.56" length="5.00" nVehEntered="35"/>
    <interval begin="0.00" end="500.00" id="det_22" nVehContrib="29" flow="208.80" occupancy="74.00" speed="5.07" length="5.00" nVehEntered="29"/>
    <interval begin="0.00" end="500.00" id="det_31" nVehContrib="44" flow="316.80" occupancy="28.63" speed="1.56" length="5.00" nVehEntered="45"/>
    <interval begin="0.00" end="500.00" id="det_32" nVehContrib="34" flow="244.80" occupancy="65.37" speed="5.60" length="5.00" nVehEntered="35"/>
    <interval begin="0.00" end="500.00" id="det_41" nVehContrib="45" flow="324.00" occupancy="28.87" speed="1.56" length="5.00" nVehEntered="45"/>
    <interval begin="0.00" end="500.00" id="det_42" nVehContrib="43" flow="309.60" occupancy="70.74" speed="5.94" length="5.00" nVehEntered="43"/>
    <interval begin="500.00" end="1000.00" id="det_11" nVehContrib="40" flow="288.00" occupancy="25.27" speed="1.56" length="5.00" nVehEntered="39"/>
    <interval begin="500.00" end="1000.00" id="det_12" nVehContrib="41" flow="295.20" occupancy="75.20" speed="4.94" length="5.00" nVehEntered="40"/>
    <interval begin="500.00" end="1000.00" id="det_21" nVehContrib="44" flow="316.80" occupancy="28.23" speed="1.56" length="5.00" nVehEntered="44"/>
    <interval begin="500.00" end="1000.00" id="det_22" nVehContrib="43" flow="309.60" occupancy="87.17" speed="4.83" length="5.00" nVehEntered="44"/>
    <interval begin="500.00" end="1000.00" id="det_31" nVehContrib="38" flow="273.60" occupancy="23.98" speed="1.56" length="5.00" nVehEntered="37"/>
    <interval begin="500.00" end="1000.00" id="det_32" nVehContrib="36" flow="259.20" occupancy="76.75" speed="4.73" length="5.00" nVehEntered="36"/>
    <interval begin="500.00" end="1000.00" id="det_41" nVehContrib="46" flow="331.20" occupancy="29.52" speed="1.56" length="5.00" nVehEntered="46"/>
    <interval begin="500.00" end="1000.00" id="det_42" nVehContrib="39" flow="280.80" occupancy="67.17" speed="5.28" length="5.00" nVehEntered="40"/>
    <interval begin="1000.00" end="1500.00" id="det_11" nVehContrib="35" flow="252.00" occupancy="22.46" speed="1.56" length="5.00" nVehEntered="35"/>
    <interval begin="1000.00" end="1500.00" id="det_12" nVehContrib="42" flow="302.40" occupancy="70.36" speed="5.52" length="5.00" nVehEntered="42"/>
    <interval begin="1000.00" end="1500.00" id="det_21" nVehContrib="50" flow="360.00" occupancy="32.08" speed="1.56" length="5.00" nVehEntered="50"/>
    <interval begin="1000.00" end="1500.00" id="det_22" nVehContrib="35" flow="252.00" occupancy="89.13" speed="5.00" length="5.00" nVehEntered="34"/>
    <interval begin="1000.00" end="1500.00" id="det_31" nVehContrib="42" flow="302.40" occupancy="26.95" speed="1.56" length="5.00" nVehEntered="42"/>
    <interval begin="1000.00" end="1500.00" id="det_32" nVehContrib="44" flow="316.80" occupancy="78.43" speed="5.39" length="5.00" nVehEntered="44"/>
    <interval begin="1000.00" end="1500.00" id="det_41" nVehContrib="40" flow="288.00" occupancy="25.67" speed="1.56" length="5.00" nVehEntered="40"/>
    <interval begin="1000.00" end="1500.00" id="det_42" nVehContrib="46" flow="331.20" occupancy="66.58" speed="5.28" length="5.00" nVehEntered="46"/>
    <interval begin="1500.00" end="2000.00" id="det_11" nVehContrib="43" flow="309.60" occupancy="27.59" speed="1.56" length="5.00" nVehEntered="43"/>
    <interval begin="1500.00" end="2000.00" id="det_12" nVehContrib="33" flow="237.60" occupancy="70.01" speed="5.67" length="5.00" nVehEntered="34"/>
    <interval begin="1500.00" end="2000.00" id="det_21" nVehContrib="44" flow="316.80" occupancy="28.23" speed="1.56" length="5.00" nVehEntered="44"/>
    <interval begin="1500.00" end="2000.00" id="det_22" nVehContrib="53" flow="381.60" occupancy="72.75" speed="5.85" length="5.00" nVehEntered="54"/>
    <interval begin="1500.00" end="2000.00" id="det_31" nVehContrib="44" flow="316.80" occupancy="28.23" speed="1.56" length="5.00" nVehEntered="44"/>
    <interval begin="1500.00" end="2000.00" id="det_32" nVehContrib="47" flow="338.40" occupancy="84.22" speed="5.64" length="5.00" nVehEntered="47"/>
    <interval begin="1500.00" end="2000.00" id="det_41" nVehContrib="35" flow="252.00" occupancy="22.46" speed="1.56" length="5.00" nVehEntered="35"/>
    <interval begin="1500.00" end="2000.00" id="det_42" nVehContrib="38" flow="273.60" occupancy="84.83" speed="5.38" length="5.00" nVehEntered="37"/>
    <interval begin="2000.00" end="2500.00" id="det_11" nVehContrib="44" flow="316.80" occupancy="28.23" speed="1.56" length="5.00" nVehEntered="44"/>
    <interval begin="2000.00" end="2500.00" id="det_12" nVehContrib="42" flow="302.40" occupancy="76.18" speed="4.94" length="5.00" nVehEntered="42"/>
    <interval begin="2000.00" end="2500.00" id="det_21" nVehContrib="41" flow="295.20" occupancy="26.31" speed="1.56" length="5.00" nVehEntered="41"/>
    <interval begin="2000.00" end="2500.00" id="det_22" nVehContrib="37" flow="266.40" occupancy="81.67" speed="4.78" length="5.00" nVehEntered="37"/>
    <interval begin="2000.00" end="2500.00" id="det_31" nVehContrib="45" flow="324.00" occupancy="28.88" speed="1.56" length="5.00" nVehEntered="45"/>
    <interval begin="2000.00" end="2500.00" id="det_32" nVehContrib="47" flow="338.40" occupancy="78.34" speed="5.11" length="5.00" nVehEntered="47"/>
    <interval begin="2000.00" end="2500.00" id="det_41" nVehContrib="38" flow="273.60" occupancy="24.38" speed="1.56" length="5.00" nVehEntered="38"/>
    <interval begin="2000.00" end="2500.00" id="det_42" nVehContrib="36" flow="259.20" occupancy="58.75" speed="4.98" length="5.00" nVehEntered="36"/>
    <interval begin="2500.00" end="3000.00" id="det_11" nVehContrib="39" flow="280.80" occupancy="25.03" speed="1.56" length="5.00" nVehEntered="39"/>
    <interval begin="2500.00" end="3000.00" id="det_12" nVehContrib="38" flow="273.60" occupancy="88.67" speed="4.89" length="5.00" nVehEntered="38"/>
    <interval begin="2500.00" end="3000.00" id="det_21" nVehContrib="45" flow="324.00" occupancy="29.28" speed="1.56" length="5.00" nVehEntered="46"/>
    <interval begin="2500.00" end="3000.00" id="det_22" nVehContrib="58" flow="417.60" occupancy="79.54" speed="5.45" length="5.00" nVehEntered="57"/>
    <interval begin="2500.00" end="3000.00" id="det_31" nVehContrib="45" flow="324.00" occupancy="28.88" speed="1.56" length="5.00" nVehEntered="45"/>
    <interval begin="2500.00" end="3000.00" id="det_32" nVehContrib="37" flow="266.40" occupancy="81.18" speed="4.81" length="5.00" nVehEntered="37"/>
    <interval begin="2500.00" end="3000.00" id="det_41" nVehContrib="38" flow="273.60" occupancy="24.38" speed="1.56" length="5.00" nVehEntered="38"/>
    <interval begin="2500.00" end="3000.00" id="det_42" nVehContrib="32" flow="230.40" occupancy="66.49" speed="4.72" length="5.00" nVehEntered="33"/>
    <interval begin="3000.00" end="3500.00" id="det_11" nVehContrib="35" flow="252.00" occupancy="22.46" speed="1.56" length="5.00" nVehEntered="35"/>
    <interval begin="3000.00" end="3500.00" id="det_12" nVehContrib="44" flow="316.80" occupancy="73.41" speed="5.16" length="5.00" nVehEntered="44"/>
    <interval begin="3000.00" end="3500.00" id="det_21" nVehContrib="48" flow="345.60" occupancy="30.40" speed="1.56" length="5.00" nVehEntered="47"/>
    <interval begin="3000.00" end="3500.00" id="det_22" nVehContrib="35" flow="252.00" occupancy="84.91" speed="5.04" length="5.00" nVehEntered="36"/>
    <interval begin="3000.00" end="3500.00" id="det_31" nVehContrib="48" flow="345.60" occupancy="30.80" speed="1.56" length="5.00" nVehEntered="48"/>
    <interval begin="3000.00" end="3500.00" id="det_32" nVehContrib="53" flow="381.60" occupancy="84.72" speed="5.38" length="5.00" nVehEntered="53"/>
    <interval begin="3000.00" end="3500.00" id="det_41" nVehContrib="34" flow="244.80" occupancy="21.82" speed="1.56" length="5.00" nVehEntered="34"/>
    <interval begin="3000.00" end="3500.00" id="det_42" nVehContrib="35" flow="252.00" occupancy="75.23" speed="4.67" length="5.00" nVehEntered="34"/>
    <interval begin="3500.00" end="4000.00" id="det_11" nVehContrib="37" flow="266.40" occupancy="23.94" speed="1.56" length="5.00" nVehEntered="38"/>
    <interval begin="3500.00" end="4000.00" id="det_12" nVehContrib="34" flow="244.80" occupancy="80.53" speed="4.84" length="5.00" nVehEntered="34"/>
    <interval begin="3500.00" end="4000.00" id="det_21" nVehContrib="44" flow="316.80" occupancy="28.23" speed="1.56" length="5.00" nVehEntered="44"/>
    <interval begin="3500.00" end="4000.00" id="det_22" nVehContrib="42" flow="302.40" occupancy="87.64" speed="5.01" length="5.00" nVehEntered="41"/>
    <interval begin="3500.00" end="4000.00" id="det_31" nVehContrib="39" flow="280.80" occupancy="25.23" speed="1.56" length="5.00" nVehEntered="40"/>
    <interval begin="3500.00" end="4000.00" id="det_32" nVehContrib="34" flow="244.80" occupancy="80.89" speed="4.90" length="5.00" nVehEntered="34"/>
    <interval begin="3500.00" end="4000.00" id="det_41" nVehContrib="46" flow="331.20" occupancy="29.52" speed="1.56" length="5.00" nVehEntered="46"/>
    <interval begin="3500.00" end="4000.00" id="det_42" nVehContrib="52" flow="374.40" occupancy="70.40" speed="5.87" length="5.00" nVehEntered="53"/>
    <interval begin="4000.00" end="4500.00" id="det_11" nVehContrib="39" flow="280.80" occupancy="24.82" speed="1.56" length="5.00" nVehEntered="38"/>
    <interval begin="4000.00" end="4500.00" id="det_12" nVehContrib="37" flow="266.40" occupancy="87.41" speed="4.82" length="5.00" nVehEntered="37"/>
    <interval begin="4000.00" end="4500.00" id="det_21" nVehContrib="51" flow="367.20" occupancy="33.32" speed="1.56" length="5.00" nVehEntered="52"/>
    <interval begin="4000.00" end="4500.00" id="det_22" nVehContrib="43" flow="309.60" occupancy="87.46" speed="5.07" length="5.00" nVehEntered="44"/>
    <interval begin="4000.00" end="4500.00" id="det_31" nVehContrib="37" flow="266.40" occupancy="23.54" speed="1.56" length="5.00" nVehEntered="36"/>
    <interval begin="4000.00" end="4500.00" id="det_32" nVehContrib="41" flow="295.20" occupancy="60.17" speed="4.79" length="5.00" nVehEntered="40"/>
    <interval begin="4000.00" end="4500.00" id="det_41" nVehContrib="45" flow="324.00" occupancy="29.47" speed="1.56" length="5.00" nVehEntered="46"/>
    <interval begin="4000.00" end="4500.00" id="det_42" nVehContrib="36" flow="259.20" occupancy="80.72" speed="5.86" length="5.00" nVehEntered="36"/>
    <interval begin="4500.00" end="5000.00" id="det_11" nVehContrib="51" flow="367.20" occupancy="32.72" speed="1.56" length="5.00" nVehEntered="51"/>
    <interval begin="4500.00" end="5000.00" id="det_12" nVehContrib="51" flow="367.20" occupancy="75.83" speed="5.72" length="5.00" nVehEntered="51"/>
    <interval begin="4500.00" end="5000.00" id="det_21" nVehContrib="39" flow="280.80" occupancy="24.42" speed="1.56" length="5.00" nVehEntered="38"/>
    <interval begin="4500.00" end="5000.00" id="det_22" nVehContrib="57" flow="410.40" occupancy="83.85" speed="5.56" length="5.00" nVehEntered="56"/>
    <interval begin="4500.00" end="5000.00" id="det_31" nVehContrib="40" flow="288.00" occupancy="25.67" speed="1.56" length="5.00" nVehEntered="40"/>
    <interval begin="4500.00" end="5000.00" id="det_32" nVehContrib="35" flow="252.00" occupancy="75.30" speed="5.59" length="5.00" nVehEntered="36"/>
    <interval begin="4500.00" end="5000.00" id="det_41" nVehContrib="33" flow="237.60" occupancy="20.57" speed="1.56" length="5.00" nVehEntered="32"/>
    <interval begin="4500.00" end="5000.00" id="det_42" nVehContrib="37" flow="266.40" occupancy="89.04" speed="4.78" length="5.00" nVehEntered="37"/>
    <interval begin="5000.00" end="5500.00" id="det_11" nVehContrib="43" flow="309.60" occupancy="27.59" speed="1.56" length="5.00" nVehEntered="43"/>
    <interval begin="5000.00" end="5500.00" id="det_12" nVehContrib="40" flow="288.00" occupancy="84.04" speed="4.92" length="5.00" nVehEntered="40"/>
    <interval begin="5000.00" end="5500.00" id="det_21" nVehContrib="40" flow="288.00" occupancy="26.27" speed="1.56" length="5.00" nVehEntered="41"/>
    <interval begin="5000.00" end="5500.00" id="det_22" nVehContrib="42" flow="302.40" occupancy="68.90" speed="5.01" length="5.00" nVehEntered="43"/>
    <interval begin="5000.00" end="5500.00" id="det_31" nVehContrib="43" flow="309.60" occupancy="28.19" speed="1.56" length="5.00" nVehEntered="44"/>
    <interval begin="5000.00" end="5500.00" id="det_32" nVehContrib="49" flow="352.80" occupancy="78.54" speed="5.09" length="5.00" nVehEntered="49"/>
    <interval begin="5000.00" end="5500.00" id="det_41" nVehContrib="44" flow="316.80" occupancy="28.23" speed="1.56" length="5.00" nVehEntered="44"/>
    <interval begin="5000.00" end="5500.00" id="det_42" nVehContrib="45" flow="324.00" occupancy="78.72" speed="5.20" length="5.00" nVehEntered="45"/>
    <interval begin="5500.00" end="6000.00" id="det_11" nVehContrib="38" flow="273.60" occupancy="24.98" speed="1.56" length="5.00" nVehEntered="39"/>
    <interval begin="5500.00" end="6000.00" id="det_12" nVehContrib="45" flow="324.00" occupancy="77.37" speed="5.17" length="5.00" nVehEntered="44"/>
    <interval begin="5500.00" end="6000.00" id="det_21" nVehContrib="44" flow="316.80" occupancy="28.23" speed="1.56" length="5.00" nVehEntered="44"/>
    <interval begin="5500.00" end="6000.00" id="det_22" nVehContrib="44" flow="316.80" occupancy="83.69" speed="5.47" length="5.00" nVehEntered="44"/>
    <interval begin="5500.00" end="6000.00" id="det_31" nVehContrib="43" flow="309.60" occupancy="27.59" speed="1.56" length="5.00" nVehEntered="43"/>
    <interval begin="5500.00" end="6000.00" id="det_32" nVehContrib="43" flow="309.60" occupancy="65.08" speed="5.90" length="5.00" nVehEntered="43"/>
    <interval begin="5500.00" end="6000.00" id="det_41" nVehContrib="36" flow="259.20" occupancy="23.70" speed="1.56" length="5.00" nVehEntered="37"/>
    <interval begin="5500.00" end="6000.00" id="det_42" nVehContrib="33" flow="237.60" occupancy="81.16" speed="4.90" length="5.00" nVehEntered="33"/>
    <interval begin="6000.00" end="6500.00" id="det_11" nVehContrib="43" flow="309.60" occupancy="27.19" speed="1.56" length="5.00" nVehEntered="43"/>
    <interval begin="6000.00" end="6500.00" id="det_12" nVehContrib="46" flow="331.20" occupancy="81.11" speed="5.35" length="5.00" nVehEntered="46"/>
    <interval begin="6000.00" end="6500.00" id="det_21" nVehContrib="42" flow="302.40" occupancy="26.75" speed="1.56" length="5.00" nVehEntered="42"/>
    <interval begin="6000.00" end="6500.00" id="det_22" nVehContrib="39" flow="280.80" occupancy="70.61" speed="5.34" length="5.00" nVehEntered="39"/>
    <interval begin="6000.00" end="6500.00" id="det_31" nVehContrib="38" flow="273.60" occupancy="23.78" speed="1.56" length="5.00" nVehEntered="37"/>
    <interval begin="6000.00" end="6500.00" id="det_32" nVehContrib="38" flow="273.60" occupancy="61.04" speed="5.36" length="5.00" nVehEntered="38"/>
    <interval begin="6000.00" end="6500.00" id="det_41" nVehContrib="44" flow="316.80" occupancy="27.63" speed="1.56" length="5.00" nVehEntered="43"/>
    <interval begin="6000.00" end="6500.00" id="det_42" nVehContrib="36" flow="259.20" occupancy="81.69" speed="4.86" length="5.00" nVehEntered="36"/>
    <interval begin="6500.00" end="7000.00" id="det_11" nVehContrib="49" flow="352.80" occupancy="31.44" speed="1.56" length="5.00" nVehEntered="49"/>
    <interval begin="6500.00" end="7000.00" id="det_12" nVehContrib="36" flow="259.20" occupancy="82.64" speed="4.98" length="5.00" nVehEntered="37"/>
    <interval begin="6500.00" end="7000.00" id="det_21" nVehContrib="35" flow="252.00" occupancy="22.26" speed="1.56" length="5.00" nVehEntered="35"/>
    <interval begin="6500.00" end="7000.00" id="det_22" nVehContrib="43" flow="309.60" occupancy="76.63" speed="4.58" length="5.00" nVehEntered="42"/>
    <interval begin="6500.00" end="7000.00" id="det_31" nVehContrib="44" flow="316.80" occupancy="28.43" speed="1.56" length="5.00" nVehEntered="45"/>
    <interval begin="6500.00" end="7000.00" id="det_32" nVehContrib="41" flow="295.20" occupancy="73.73" speed="5.36" length="5.00" nVehEntered="41"/>
    <interval begin="6500.00" end="7000.00" id="det_41" nVehContrib="39" flow="280.80" occupancy="25.22" speed="1.56" length="5.00" nVehEntered="40"/>
    <interval begin="6500.00" end="7000.00" id="det_42" nVehContrib="48" flow="345.60" occupancy="82.97" speed="5.43" length="5.00" nVehEntered="48"/>
    <interval begin="7000.00" end="7500.00" id="det_11" nVehContrib="46" flow="331.20" occupancy="29.32" speed="1.56" length="5.00" nVehEntered="45"/>
    <interval begin="7000.00" end="7500.00" id="det_12" nVehContrib="51" flow="367.20" occupancy="85.56" speed="5.15" length="5.00" nVehEntered="50"/>
    <interval begin="7000.00" end="7500.00" id="det_21" nVehContrib="39" flow="280.80" occupancy="24.82" speed="1.56" length="5.00" nVehEntered="38"/>
    <interval begin="7000.00" end="7500.00" id="det_22" nVehContrib="34" flow="244.80" occupancy="74.13" speed="5.16" length="5.00" nVehEntered="35"/>
    <interval begin="7000.00" end="7500.00" id="det_31" nVehContrib="37" flow="266.40" occupancy="23.54" speed="1.56" length="5.00" nVehEntered="36"/>
    <interval begin="7000.00" end="7500.00" id="det_32" nVehContrib="40" flow="288.00" occupancy="72.95" speed="5.35" length="5.00" nVehEntered="40"/>
    <interval begin="7000.00" end="7500.00" id="det_41" nVehContrib="49" flow="352.80" occupancy="31.24" speed="1.56" length="5.00" nVehEntered="48"/>
    <interval begin="7000.00" end="7500.00" id="det_42" nVehContrib="44" flow="316.80" occupancy="77.27" speed="5.61" length="5.00" nVehEntered="44"/>
    <interval begin="7500.00" end="8000.00" id="det_11" nVehContrib="37" flow="266.40" occupancy="24.14" speed="1.56" length="5.00" nVehEntered="38"/>
    <interval begin="7500.00" end="8000.00" id="det_12" nVehContrib="35" flow="252.00" occupancy="80.75" speed="5.32" length="5.00" nVehEntered="35"/>
    <interval begin="7500.00" end="8000.00" id="det_21" nVehContrib="44" flow="316.80" occupancy="28.23" speed="1.56" length="5.00" nVehEntered="44"/>
    <interval begin="7500.00" end="8000.00" id="det_22" nVehContrib="33" flow="237.60" occupancy="90.09" speed="4.86" length="5.00" nVehEntered="33"/>
    <interval begin="7500.00" end="8000.00" id="det_31" nVehContrib="42" flow="302.40" occupancy="26.95" speed="1.56" length="5.00" nVehEntered="42"/>
    <interval begin="7500.00" end="8000.00" id="det_32" nVehContrib="47" flow="338.40" occupancy="67.57" speed="5.86" length="5.00" nVehEntered="47"/>
    <interval begin="7500.00" end="8000.00" id="det_41" nVehContrib="39" flow="280.80" occupancy="25.42" speed="1.56" length="5.00" nVehEntered="40"/>
    <interval begin="7500.00" end="8000.00" id="det_42" nVehContrib="42" flow="302.40" occupancy="71.70" speed="5.26" length="5.00" nVehEntered="42"/>
    <interval begin="8000.00" end="8500.00" id="det_11" nVehContrib="46" flow="331.20" occupancy="29.32" speed="1.56" length="5.00" nVehEntered="46"/>
    <interval begin="8000.00" end="8500.00" id="det_12" nVehContrib="40" flow="288.00" occupancy="76.42" speed="5.06" length="5.00" nVehEntered="41"/>
    <interval begin="8000.00" end="8500.00" id="det_21" nVehContrib="41" flow="295.20" occupancy="26.51" speed="1.56" length="5.00" nVehEntered="42"/>
    <interval begin="8000.00" end="8500.00" id="det_22" nVehContrib="37" flow="266.40" occupancy="89.09" speed="4.56" length="5.00" nVehEntered="37"/>
    <interval begin="8000.00" end="8500.00" id="det_31" nVehContrib="35" flow="252.00" occupancy="22.66" speed="1.56" length="5.00" nVehEntered="36"/>
    <interval begin="8000.00" end="8500.00" id="det_32" nVehContrib="35" flow="252.00" occupancy="64.52" speed="5.06" length="5.00" nVehEntered="35"/>
    <interval begin="8000.00" end="8500.00" id="det_41" nVehContrib="45" flow="324.00" occupancy="28.48" speed="1.56" length="5.00" nVehEntered="44"/>
    <interval begin="8000.00" end="8500.00" id="det_42" nVehContrib="46" flow="331.20" occupancy="73.13" speed="5.19" length="5.00" nVehEntered="46"/>
    <interval begin="8500.00" end="9000.00" id="det_11" nVehContrib="39" flow="280.80" occupancy="24.83" speed="1.56" length="5.00" nVehEntered="38"/>
    <interval begin="8500.00" end="9000.00" id="det_12" nVehContrib="46" flow="331.20" occupancy="78.12" speed="5.17" length="5.00" nVehEntered="45"/>
    <interval begin="8500.00" end="9000.00" id="det_21" nVehContrib="41" flow="295.20" occupancy="26.11" speed="1.56" length="5.00" nVehEntered="40"/>
    <interval begin="8500.00" end="9000.00" id="det_22" nVehContrib="48" flow="345.60" occupancy="86.19" speed="5.04" length="5.00" nVehEntered="48"/>
    <interval begin="8500.00" end="9000.00" id="det_31" nVehContrib="40" flow="288.00" occupancy="25.47" speed="1.56" length="5.00" nVehEntered="39"/>
    <interval begin="8500.00" end="9000.00" id="det_32" nVehContrib="34" flow="244.80" occupancy="80.42" speed="4.88" length="5.00" nVehEntered="34"/>
    <interval begin="8500.00" end="9000.00" id="det_41" nVehContrib="49" flow="352.80" occupancy="31.44" speed="1.56" length="5.00" nVehEntered="49"/>
    <interval begin="8500.00" end="9000.00" id="det_42" nVehContrib="43" flow="309.60" occupancy="84.28" speed="4.98" length="5.00" nVehEntered="43"/>
    <interval begin="9000.00" end="9500.00" id="det_11" nVehContrib="40" flow="288.00" occupancy="25.67" speed="1.56" length="5.00" nVehEntered="40"/>
    <interval begin="9000.00" end="9500.00" id="det_12" nVehContrib="41" flow="295.20" occupancy="85.96" speed="5.63" length="5.00" nVehEntered="42"/>
    <interval begin="9000.00" end="9500.00" id="det_21" nVehContrib="46" flow="331.20" occupancy="29.52" speed="1.56" length="5.00" nVehEntered="46"/>
    <interval begin="9000.00" end="9500.00" id="det_22" nVehContrib="52" flow="374.40" occupancy="80.62" speed="5.47" length="5.00" nVehEntered="52"/>
    <interval begin="9000.00" end="9500.00" id="det_31" nVehContrib="48" flow="345.60" occupancy="30.80" speed="1.56" length="5.00" nVehEntered="48"/>
    <interval begin="9000.00" end="9500.00" id="det_32" nVehContrib="48" flow="345.60" occupancy="86.01" speed="5.12" length="5.00" nVehEntered="48"/>
    <interval begin="9000.00" end="9500.00" id="det_41" nVehContrib="32" flow="230.40" occupancy="20.53" speed="1.56" length="5.00" nVehEntered="32"/>
    <interval begin="9000.00" end="9500.00" id="det_42" nVehContrib="34" flow="244.80" occupancy="68.56" speed="5.21" length="5.00" nVehEntered="34"/>
    <interval begin="9500.00" end="10000.00" id="det_11" nVehContrib="53" flow="381.60" occupancy="34.01" speed="1.56" length="5.00" nVehEntered="53"/>
    <interval begin="9500.00" end="10000.00" id="det_12" nVehContrib="38" flow="273.60" occupancy="88.78" speed="4.76" length="5.00" nVehEntered="38"/>
    <interval begin="9500.00" end="10000.00" id="det_21" nVehContrib="35" flow="252.00" occupancy="22.46" speed="1.56" length="5.00" nVehEntered="35"/>
    <interval begin="9500.00" end="10000.00" id="det_22" nVehContrib="42" flow="302.40" occupancy="71.79" speed="5.68" length="5.00" nVehEntered="41"/>
    <interval begin="9500.00" end="10000.00" id="det_31" nVehContrib="36" flow="259.20" occupancy="23.70" speed="1.56" length="5.00" nVehEntered="37"/>
    <interval begin="9500.00" end="10000.00" id="det_32" nVehContrib="37" flow="266.40" occupancy="89.20" speed="4.94" length="5.00" nVehEntered="37"/>
    <interval begin="9500.00" end="10000.00" id="det_41" nVehContrib="43" flow="309.60" occupancy="28.19" speed="1.56" length="5.00" nVehEntered="44"/>
    <interval begin="9500.00" end="10000.00" id="det_42" nVehContrib="44" flow="316.80" occupancy="61.75" speed="5.56" length="5.00" nVehEntered="44"/>
    <interval begin="10000.00" end="10500.00" id="det_11" nVehContrib="47" flow="338.40" occupancy="30.16" speed="1.56" length="5.00" nVehEntered="47"/>
    <interval begin="10000.00" end="10500.00" id="det_12" nVehContrib="51" flow="367.20" occupancy="85.22" speed="5.22" length="5.00" nVehEntered="51"/>
    <interval begin="10000.00" end="10500.00" id="det_21" nVehContrib="38" flow="273.60" occupancy="24.38" speed="1.56" length="5.00" nVehEntered="38"/>
    <interval begin="10000.00" end="10500.00" id="det_22" nVehContrib="36" flow="259.20" occupancy="66.71" speed="5.17" length="5.00" nVehEntered="37"/>
    <interval begin="10000.00" end="10500.00" id="det_31" nVehContrib="35" flow="252.00" occupancy="21.86" speed="1.56" length="5.00" nVehEntered="34"/>
    <interval begin="10000.00" end="10500.00" id="det_32" nVehContrib="40" flow="288.00" occupancy="73.73" speed="4.77" length="5.00" nVehEntered="40"/>
    <interval begin="10000.00" end="10500.00" id="det_41" nVehContrib="45" flow="324.00" occupancy="28.28" speed="1.56" length="5.00" nVehEntered="44"/>
    <interval begin="10000.00" end="10500.00" id="det_42" nVehContrib="43" flow="309.60" occupancy="80.13" speed="5.26" length="5.00" nVehEntered="43"/>
    <interval begin="10500.00" end="11000.00" id="det_11" nVehContrib="44" flow="316.80" occupancy="28.63" speed="1.56" length="5.00" nVehEntered="45"/>
    <interval begin="10500.00" end="11000.00" id="det_12" nVehContrib="43" flow="309.60" occupancy="80.58" speed="4.72" length="5.00" nVehEntered="43"/>
    <interval begin="10500.00" end="11000.00" id="det_21" nVehContrib="35" flow="252.00" occupancy="22.46" speed="1.56" length="5.00" nVehEntered="35"/>
    <interval begin="10500.00" end="11000.00" id="det_22" nVehContrib="36" flow="259.20" occupancy="76.83" speed="5.07" length="5.00" nVehEntered="35"/>
    <interval begin="10500.00" end="11000.00" id="det_31" nVehContrib="44" flow="316.80" occupancy="28.63" speed="1.56" length="5.00" nVehEntered="45"/>
    <interval begin="10500.00" end="11000.00" id="det_32" nVehContrib="43" flow="309.60" occupancy="78.08" speed="4.88" length="5.00" nVehEntered="42"/>
    <interval begin="10500.00" end="11000.00" id="det_41" nVehContrib="43" flow="309.60" occupancy="27.59" speed="1.56" length="5.00" nVehEntered="43"/>
    <interval begin="10500.00" end="11000.00" id="det_42" nVehContrib="46" flow="331.20" occupancy="86.32" speed="4.88" length="5.00" nVehEntered="46"/>
    <interval begin="11000.00" end="11500.00" id="det_11" nVehContrib="45" flow="324.00" occupancy="28.68" speed="1.56" length="5.00" nVehEntered="45"/>
    <interval begin="11000.00" end="11500.00" id="det_12" nVehContrib="55" flow="396.00" occupancy="77.86" speed="5.40" length="5.00" nVehEntered="55"/>
    <interval begin="11000.00" end="11500.00" id="det_21" nVehContrib="49" flow="352.80" occupancy="31.44" speed="1.56" length="5.00" nVehEntered="49"/>
    <interval begin="11000.00" end="11500.00" id="det_22" nVehContrib="48" flow="345.60" occupancy="74.49" speed="5.08" length="5.00" nVehEntered="49"/>
    <interval begin="11000.00" end="11500.00" id="det_31" nVehContrib="40" flow="288.00" occupancy="25.27" speed="1.56" length="5.00" nVehEntered="39"/>
    <interval begin="11000.00" end="11500.00" id="det_32" nVehContrib="41" flow="295.20" occupancy="84.26" speed="5.19" length="5.00" nVehEntered="41"/>
    <interval begin="11000.00" end="11500.00" id="det_41" nVehContrib="33" flow="237.60" occupancy="21.18" speed="1.56" length="5.00" nVehEntered="33"/>
    <interval begin="11000.00" end="11500.00" id="det_42" nVehContrib="33" flow="237.60" occupancy="71.43" speed="4.77" length="5.00" nVehEntered="33"/>
    <interval begin="11500.00" end="12000.00" id="det_11" nVehContrib="34" flow="244.80" occupancy="21.62" speed="1.56" length="5.00" nVehEntered="33"/>
    <interval begin="11500.00" end="12000.00" id="det_12" nVehContrib="43" flow="309.60" occupancy="60.85" speed="5.62" length="5.00" nVehEntered="42"/>
    <interval begin="11500.00" end="12000.00" id="det_21" nVehContrib="51" flow="367.20" occupancy="32.73" speed="1.56" length="5.00" nVehEntered="51"/>
    <interval begin="11500.00" end="12000.00" id="det_22" nVehContrib="39" flow="280.80" occupancy="84.63" speed="4.70" length="5.00" nVehEntered="39"/>
    <interval begin="11500.00" end="12000.00" id="det_31" nVehContrib="33" flow="237.60" occupancy="21.18" speed="1.56" length="5.00" nVehEntered="33"/>
    <interval begin="11500.00" end="12000.00" id="det_32" nVehContrib="33" flow="237.60" occupancy="76.42" speed="5.22" length="5.00" nVehEntered="34"/>
    <interval begin="11500.00" end="12000.00" id="det_41" nVehContrib="50" flow="360.00" occupancy="32.08" speed="1.56" length="5.00" nVehEntered="50"/>
    <interval begin="11500.00" end="12000.00" id="det_42" nVehContrib="31" flow="223.20" occupancy="90.38" speed="4.41" length="5.00" nVehEntered="31"/>
    <interval begin="12000.00" end="12500.00" id="det_11" nVehContrib="39" flow="280.80" occupancy="25.43" speed="1.56" length="5.00" nVehEntered="40"/>
    <interval begin="12000.00" end="12500.00" id="det_12" nVehContrib="35" flow="252.00" occupancy="70.39" speed="5.22" length="5.00" nVehEntered="36"/>
    <interval begin="12000.00" end="12500.00" id="det_21" nVehContrib="46" flow="331.20" occupancy="29.52" speed="1.56" length="5.00" nVehEntered="46"/>
    <interval begin="12000.00" end="12500.00" id="det_22" nVehContrib="43" flow="309.60" occupancy="87.63" speed="5.21" length="5.00" nVehEntered="43"/>
    <interval begin="12000.00" end="12500.00" id="det_31" nVehContrib="43" flow="309.60" occupancy="27.59" speed="1.56" length="5.00" nVehEntered="43"/>
    <interval begin="12000.00" end="12500.00" id="det_32" nVehContrib="40" flow="288.00" occupancy="73.43" speed="5.10" length="5.00" nVehEntered="40"/>
    <interval begin="12000.00" end="12500.00" id="det_41" nVehContrib="37" flow="266.40" occupancy="23.74" speed="1.56" length="5.00" nVehEntered="37"/>
    <interval begin="12000.00" end="12500.00" id="det_42" nVehContrib="61" flow="439.20" occupancy="75.98" speed="5.66" length="5.00" nVehEntered="61"/>
    <interval begin="12500.00" end="13000.00" id="det_11" nVehContrib="43" flow="309.60" occupancy="27.19" speed="1.56" length="5.00" nVehEntered="42"/>
    <interval begin="12500.00" end="13000.00" id="det_12" nVehContrib="37" flow="266.40" occupancy="84.01" speed="4.76" length="5.00" nVehEntered="37"/>
    <interval begin="12500.00" end="13000.00" id="det_21" nVehContrib="42" flow="302.40" occupancy="26.95" speed="1.56" length="5.00" nVehEntered="42"/>
    <interval begin="12500.00" end="13000.00" id="det_22" nVehContrib="59" flow="424.80" occupancy="81.35" speed="5.61" length="5.00" nVehEntered="58"/>
    <interval begin="12500.00" end="13000.00" id="det_31" nVehContrib="43" flow="309.60" occupancy="27.59" speed="1.56" length="5.00" nVehEntered="43"/>
    <interval begin="12500.00" end="13000.00" id="det_32" nVehContrib="36" flow="259.20" occupancy="76.37" speed="5.15" length="5.00" nVehEntered="36"/>
    <interval begin="12500.00" end="13000.00" id="det_41" nVehContrib="40" flow="288.00" occupancy="25.67" speed="1.56" length="5.00" nVehEntered="40"/>
    <interval begin="12500.00" end="13000.00" id="det_42" nVehContrib="41" flow="295.20" occupancy="69.64" speed="5.09" length="5.00" nVehEntered="41"/>
    <interval begin="13000.00" end="13500.00" id="det_11" nVehContrib="41" flow="295.20" occupancy="26.91" speed="1.56" length="5.00" nVehEntered="42"/>
    <interval begin="13000.00" end="13500.00" id="det_12" nVehContrib="45" flow="324.00" occupancy="87.13" speed="5.49" length="5.00" nVehEntered="45"/>
    <interval begin="13000.00" end="13500.00" id="det_21" nVehContrib="42" flow="302.40" occupancy="27.55" speed="1.56" length="5.00" nVehEntered="43"/>
    <interval begin="13000.00" end="13500.00" id="det_22" nVehContrib="34" flow="244.80" occupancy="63.60" speed="5.55" length="5.00" nVehEntered="35"/>
    <interval begin="13000.00" end="13500.00" id="det_31" nVehContrib="39" flow="280.80" occupancy="25.63" speed="1.56" length="5.00" nVehEntered="40"/>
    <interval begin="13000.00" end="13500.00" id="det_32" nVehContrib="49" flow="352.80" occupancy="65.53" speed="5.60" length="5.00" nVehEntered="49"/>
    <interval begin="13000.00" end="13500.00" id="det_41" nVehContrib="43" flow="309.60" occupancy="28.19" speed="1.56" length="5.00" nVehEntered="44"/>
    <interval begin="13000.00" end="13500.00" id="det_42" nVehContrib="39" flow="280.80" occupancy="80.12" speed="5.21" length="5.00" nVehEntered="39"/>
    <interval begin="13500.00" end="14000.00" id="det_11" nVehContrib="48" flow="345.60" occupancy="30.20" speed="1.56" length="5.00" nVehEntered="47"/>
    <interval begin="13500.00" end="14000.00" id="det_12" nVehContrib="45" flow="324.00" occupancy="70.42" speed="6.07" length="5.00" nVehEntered="45"/>
    <interval begin="13500.00" end="14000.00" id="det_21" nVehContrib="44" flow="316.80" occupancy="27.83" speed="1.56" length="5.00" nVehEntered="44"/>
    <interval begin="13500.00" end="14000.00" id="det_22" nVehContrib="49" flow="352.80" occupancy="77.66" speed="5.46" length="5.00" nVehEntered="49"/>
    <interval begin="13500.00" end="14000.00" id="det_31" nVehContrib="31" flow="223.20" occupancy="19.29" speed="1.56" length="5.00" nVehEntered="30"/>
    <interval begin="13500.00" end="14000.00" id="det_32" nVehContrib="30" flow="216.00" occupancy="76.28" speed="4.91" length="5.00" nVehEntered="29"/>
    <interval begin="13500.00" end="14000.00" id="det_41" nVehContrib="46" flow="331.20" occupancy="28.92" speed="1.56" length="5.00" nVehEntered="45"/>
    <interval begin="13500.00" end="14000.00" id="det_42" nVehContrib="42" flow="302.40" occupancy="79.91" speed="5.40" length="5.00" nVehEntered="42"/>
    <interval begin="14000.00" end="14500.00" id="det_11" nVehContrib="31" flow="223.20" occupancy="19.89" speed="1.56" length="5.00" nVehEntered="31"/>
    <interval begin="14000.00" end="14500.00" id="det_12" nVehContrib="39" flow="280.80" occupancy="72.39" speed="4.62" length="5.00" nVehEntered="39"/>
    <interval begin="14000.00" end="14500.00" id="det_21" nVehContrib="54" flow="388.80" occupancy="34.45" speed="1.56" length="5.00" nVehEntered="53"/>
    <interval begin="14000.00" end="14500.00" id="det_22" nVehContrib="51" flow="367.20" occupancy="75.24" speed="5.34" length="5.00" nVehEntered="51"/>
    <interval begin="14000.00" end="14500.00" id="det_31" nVehContrib="37" flow="266.40" occupancy="23.74" speed="1.56" length="5.00" nVehEntered="37"/>
    <interval begin="14000.00" end="14500.00" id="det_32" nVehContrib="25" flow="180.00" occupancy="88.74" speed="3.96" length="5.00" nVehEntered="26"/>
    <interval begin="14000.00" end="14500.00" id="det_41" nVehContrib="45" flow="324.00" occupancy="28.88" speed="1.56" length="5.00" nVehEntered="45"/>
    <interval begin="14000.00" end="14500.00" id="det_42" nVehContrib="46" flow="331.20" occupancy="86.36" speed="4.75" length="5.00" nVehEntered="46"/>
    <interval begin="14500.00" end="15000.00" id="det_11" nVehContrib="40" flow="288.00" occupancy="25.67" speed="1.56" length="5.00" nVehEntered="40"/>
    <interval begin="14500.00" end="15000.00" id="det_12" nVehContrib="41" flow="295.20" occupancy="82.07" speed="4.96" length="5.00" nVehEntered="40"/>
    <interval begin="14500.00" end="15000.00" id="det_21" nVehContrib="46" flow="331.20" occupancy="29.52" speed="1.56" length="5.00" nVehEntered="46"/>
    <interval begin="14500.00" end="15000.00" id="det_22" nVehContrib="48" flow="345.60" occupancy="76.15" speed="5.80" length="5.00" nVehEntered="48"/>
    <interval begin="14500.00" end="15000.00" id="det_31" nVehContrib="31" flow="223.20" occupancy="20.29" speed="1.56" length="5.00" nVehEntered="32"/>
    <interval begin="14500.00" end="15000.00" id="det_32" nVehContrib="40" flow="288.00" occupancy="77.97" speed="4.78" length="5.00" nVehEntered="40"/>
    <interval begin="14500.00" end="15000.00" id="det_41" nVehContrib="49" flow="352.80" occupancy="31.44" speed="1.56" length="5.00" nVehEntered="49"/>
    <interval begin="14500.00" end="15000.00" id="det_42" nVehContrib="46" flow="331.20" occupancy="82.96" speed="5.77" length="5.00" nVehEntered="46"/>
    <interval begin="15000.00" end="15500.00" id="det_11" nVehContrib="38" flow="273.60" occupancy="24.78" speed="1.56" length="5.00" nVehEntered="39"/>
    <interval begin="15000.00" end="15500.00" id="det_12" nVehContrib="35" flow="252.00" occupancy="68.63" speed="5.34" length="5.00" nVehEntered="36"/>
    <interval begin="15000.00" end="15500.00" id="det_21" nVehContrib="41" flow="295.20" occupancy="26.71" speed="1.56" length="5.00" nVehEntered="42"/>
    <interval begin="15000.00" end="15500.00" id="det_22" nVehContrib="45" flow="324.00" occupancy="80.49" speed="4.69" length="5.00" nVehEntered="45"/>
    <interval begin="15000.00" end="15500.00" id="det_31" nVehContrib="46" flow="331.20" occupancy="29.52" speed="1.56" length="5.00" nVehEntered="46"/>
    <interval begin="15000.00" end="15500.00" id="det_32" nVehContrib="40" flow="288.00" occupancy="75.05" speed="5.30" length="5.00" nVehEntered="40"/>
    <interval begin="15000.00" end="15500.00" id="det_41" nVehContrib="40" flow="288.00" occupancy="26.07" speed="1.56" length="5.00" nVehEntered="41"/>
    <interval begin="15000.00" end="15500.00" id="det_42" nVehContrib="45" flow="324.00" occupancy="82.52" speed="4.95" length="5.00" nVehEntered="45"/>
    <interval begin="15500.00" end="16000.00" id="det_11" nVehContrib="43" flow="309.60" occupancy="27.19" speed="1.56" length="5.00" nVehEntered="42"/>
    <interval begin="15500.00" end="16000.00" id="det_12" nVehContrib="41" flow="295.20" occupancy="72.39" speed="4.96" length="5.00" nVehEntered="41"/>
    <interval begin="15500.00" end="16000.00" id="det_21" nVehContrib="40" flow="288.00" occupancy="25.27" speed="1.56" length="5.00" nVehEntered="39"/>
    <interval begin="15500.00" end="16000.00" id="det_22" nVehContrib="41" flow="295.20" occupancy="73.82" speed="5.20" length="5.00" nVehEntered="40"/>
    <interval begin="15500.00" end="16000.00" id="det_31" nVehContrib="36" flow="259.20" occupancy="22.70" speed="1.56" length="5.00" nVehEntered="35"/>
    <interval begin="15500.00" end="16000.00" id="det_32" nVehContrib="42" flow="302.40" occupancy="87.66" speed="4.83" length="5.00" nVehEntered="42"/>
    <interval begin="15500.00" end="16000.00" id="det_41" nVehContrib="48" flow="345.60" occupancy="30.80" speed="1.56" length="5.00" nVehEntered="48"/>
    <interval begin="15500.00" end="16000.00" id="det_42" nVehContrib="44" flow="316.80" occupancy="82.96" speed="5.01" length="5.00" nVehEntered="44"/>
    <interval begin="16000.00" end="16500.00" id="det_11" nVehContrib="44" flow="316.80" occupancy="28.23" speed="1.56" length="5.00" nVehEntered="44"/>
    <interval begin="16000.00" end="16500.00" id="det_12" nVehContrib="40" flow="288.00" occupancy="87.69" speed="5.26" length="5.00" nVehEntered="40"/>
    <interval begin="16000.00" end="16500.00" id="det_21" nVehContrib="45" flow="324.00" occupancy="28.88" speed="1.56" length="5.00" nVehEntered="45"/>
    <interval begin="16000.00" end="16500.00" id="det_22" nVehContrib="42" flow="302.40" occupancy="72.46" speed="5.76" length="5.00" nVehEntered="43"/>
    <interval begin="16000.00" end="16500.00" id="det_31" nVehContrib="33" flow="237.60" occupancy="21.18" speed="1.56" length="5.00" nVehEntered="33"/>
    <interval begin="16000.00" end="16500.00" id="det_32" nVehContrib="37" flow="266.40" occupancy="72.35" speed="5.14" length="5.00" nVehEntered="36"/>
    <interval begin="16000.00" end="16500.00" id="det_41" nVehContrib="45" flow="324.00" occupancy="28.48" speed="1.56" length="5.00" nVehEntered="44"/>
    <interval begin="16000.00" end="16500.00" id="det_42" nVehContrib="43" flow="309.60" occupancy="87.58" speed="5.39" length="5.00" nVehEntered="43"/>
    <interval begin="16500.00" end="17000.00" id="det_11" nVehContrib="42" flow="302.40" occupancy="26.95" speed="1.56" length="5.00" nVehEntered="42"/>
    <interval begin="16500.00" end="17000.00" id="det_12" nVehContrib="30" flow="216.00" occupancy="84.44" speed="4.43" length="5.00" nVehEntered="30"/>
    <interval begin="16500.00" end="17000.00" id="det_21" nVehContrib="47" flow="338.40" occupancy="30.16" speed="1.56" length="5.00" nVehEntered="47"/>
    <interval begin="16500.00" end="17000.00" id="det_22" nVehContrib="34" flow="244.80" occupancy="89.84" speed="4.76" length="5.00" nVehEntered="34"/>
    <interval begin="16500.00" end="17000.00" id="det_31" nVehContrib="41" flow="295.20" occupancy="26.31" speed="1.56" length="5.00" nVehEntered="41"/>
    <interval begin="16500.00" end="17000.00" id="det_32" nVehContrib="40" flow="288.00" occupancy="62.70" speed="5.34" length="5.00" nVehEntered="40"/>
    <interval begin="16500.00" end="17000.00" id="det_41" nVehContrib="39" flow="280.80" occupancy="25.02" speed="1.56" length="5.00" nVehEntered="39"/>
    <interval begin="16500.00" end="17000.00" id="det_42" nVehContrib="51" flow="367.20" occupancy="75.38" speed="5.80" length="5.00" nVehEntered="51"/>
    <interval begin="17000.00" end="17500.00" id="det_11" nVehContrib="46" flow="331.20" occupancy="29.72" speed="1.56" length="5.00" nVehEntered="47"/>
    <interval begin="17000.00" end="17500.00" id="det_12" nVehContrib="43" flow="309.60" occupancy="87.45" speed="5.10" length="5.00" nVehEntered="43"/>
    <interval begin="17000.00" end="17500.00" id="det_21" nVehContrib="43" flow="309.60" occupancy="27.59" speed="1.56" length="5.00" nVehEntered="43"/>
    <interval begin="17000.00" end="17500.00" id="det_22" nVehContrib="57" flow="410.40" occupancy="81.57" speed="5.39" length="5.00" nVehEntered="57"/>
    <interval begin="17000.00" end="17500.00" id="det_31" nVehContrib="38" flow="273.60" occupancy="24.58" speed="1.56" length="5.00" nVehEntered="39"/>
    <interval begin="17000.00" end="17500.00" id="det_32" nVehContrib="26" flow="187.20" occupancy="79.91" speed="4.29" length="5.00" nVehEntered="27"/>
    <interval begin="17000.00" end="17500.00" id="det_41" nVehContrib="37" flow="266.40" occupancy="23.94" speed="1.56" length="5.00" nVehEntered="38"/>
    <interval begin="17000.00" end="17500.00" id="det_42" nVehContrib="37" flow="266.40" occupancy="66.02" speed="5.10" length="5.00" nVehEntered="37"/>
    <interval begin="17500.00" end="18000.00" id="det_11" nVehContrib="42" flow="302.40" occupancy="26.75" speed="1.56" length="5.00" nVehEntered="41"/>
    <interval begin="17500.00" end="18000.00" id="det_12" nVehContrib="62" flow="446.40" occupancy="76.61" speed="5.78" length="5.00" nVehEntered="62"/>
    <interval begin="17500.00" end="18000.00" id="det_21" nVehContrib="40" flow="288.00" occupancy="25.67" speed="1.56" length="5.00" nVehEntered="40"/>
    <interval begin="17500.00" end="18000.00" id="det_22" nVehContrib="29" flow="208.80" occupancy="86.05" speed="4.89" length="5.00" nVehEntered="28"/>
    <interval begin="17500.00" end="18000.00" id="det_31" nVehContrib="42" flow="302.40" occupancy="27.15" speed="1.56" length="5.00" nVehEntered="42"/>
    <interval begin="17500.00" end="18000.00" id="det_32" nVehContrib="46" flow="331.20" occupancy="86.93" speed="5.57" length="5.00" nVehEntered="46"/>
    <interval begin="17500.00" end="18000.00" id="det_41" nVehContrib="44" flow="316.80" occupancy="28.03" speed="1.56" length="5.00" nVehEntered="43"/>
    <interval begin="17500.00" end="18000.00" id="det_42" nVehContrib="44" flow="316.80" occupancy="66.70" speed="5.48" length="5.00" nVehEntered="44"/>
    <interval begin="18000.00" end="18500.00" id="det_11" nVehContrib="42" flow="302.40" occupancy="27.35" speed="1.56" length="5.00" nVehEntered="43"/>
    <interval begin="18000.00" end="18500.00" id="det_12" nVehContrib="42" flow="302.40" occupancy="79.96" speed="5.11" length="5.00" nVehEntered="42"/>
    <interval begin="18000.00" end="18500.00" id="det_21" nVehContrib="39" flow="280.80" occupancy="25.02" speed="1.56" length="5.00" nVehEntered="39"/>
    <interval begin="18000.00" end="18500.00" id="det_22" nVehContrib="40" flow="288.00" occupancy="87.73" speed="4.70" length="5.00" nVehEntered="40"/>
    <interval begin="18000.00" end="18500.00" id="det_31" nVehContrib="48" flow="345.60" occupancy="30.40" speed="1.56" length="5.00" nVehEntered="47"/>
    <interval begin="18000.00" end="18500.00" id="det_32" nVehContrib="49" flow="352.80" occupancy="68.82" speed="5.58" length="5.00" nVehEntered="49"/>
    <interval begin="18000.00" end="18500.00" id="det_41" nVehContrib="36" flow="259.20" occupancy="23.10" speed="1.56" length="5.00" nVehEntered="36"/>
    <interval begin="18000.00" end="18500.00" id="det_42" nVehContrib="37" flow="266.40" occupancy="77.07" speed="4.55" length="5.00" nVehEntered="37"/>
    <interval begin="18500.00" end="19000.00" id="det_11" nVehContrib="37" flow="266.40" occupancy="23.34" speed="1.56" length="5.00" nVehEntered="36"/>
    <interval begin="18500.00" end="19000.00" id="det_12" nVehContrib="37" flow="266.40" occupancy="62.89" speed="4.96" length="5.00" nVehEntered="36"/>
    <interval begin="18500.00" end="19000.00" id="det_21" nVehContrib="44" flow="316.80" occupancy="28.23" speed="1.56" length="5.00" nVehEntered="44"/>
    <interval begin="18500.00" end="19000.00" id="det_22" nVehContrib="47" flow="338.40" occupancy="84.47" speed="5.46" length="5.00" nVehEntered="48"/>
    <interval begin="18500.00" end="19000.00" id="det_31" nVehContrib="39" flow="280.80" occupancy="25.02" speed="1.56" length="5.00" nVehEntered="39"/>
    <interval begin="18500.00" end="19000.00" id="det_32" nVehContrib="36" flow="259.20" occupancy="89.15" speed="4.71" length="5.00" nVehEntered="36"/>
    <interval begin="18500.00" end="19000.00" id="det_41" nVehContrib="48" flow="345.60" occupancy="30.80" speed="1.56" length="5.00" nVehEntered="48"/>
    <interval begin="18500.00" end="19000.00" id="det_42" nVehContrib="40" flow="288.00" occupancy="73.14" speed="5.29" length="5.00" nVehEntered="40"/>
    <interval begin="19000.00" end="19500.00" id="det_11" nVehContrib="41" flow="295.20" occupancy="26.91" speed="1.56" length="5.00" nVehEntered="42"/>
    <interval begin="19000.00" end="19500.00" id="det_12" nVehContrib="41" flow="295.20" occupancy="73.44" speed="5.58" length="5.00" nVehEntered="42"/>
    <interval begin="19000.00" end="19500.00" id="det_21" nVehContrib="43" flow="309.60" occupancy="28.19" speed="1.56" length="5.00" nVehEntered="44"/>
    <interval begin="19000.00" end="19500.00" id="det_22" nVehContrib="38" flow="273.60" occupancy="88.87" speed="5.11" length="5.00" nVehEntered="38"/>
    <interval begin="19000.00" end="19500.00" id="det_31" nVehContrib="41" flow="295.20" occupancy="26.31" speed="1.56" length="5.00" nVehEntered="41"/>
    <interval begin="19000.00" end="19500.00" id="det_32" nVehContrib="47" flow="338.40" occupancy="84.74" speed="6.00" length="5.00" nVehEntered="47"/>
    <interval begin="19000.00" end="19500.00" id="det_41" nVehContrib="40" flow="288.00" occupancy="25.67" speed="1.56" length="5.00" nVehEntered="40"/>
    <interval begin="19000.00" end="19500.00" id="det_42" nVehContrib="48" flow="345.60" occupancy="71.13" speed="5.52" length="5.00" nVehEntered="48"/>
    <interval begin="19500.00" end="20000.00" id="det_11" nVehContrib="39" flow="280.80" occupancy="24.42" speed="1.56" length="5.00" nVehEntered="38"/>
    <interval begin="19500.00" end="20000.00" id="det_12" nVehContrib="41" flow="295.20" occupancy="80.75" speed="5.00" length="5.00" nVehEntered="40"/>
    <interval begin="19500.00" end="20000.00" id="det_21" nVehContrib="44" flow="316.80" occupancy="28.03" speed="1.56" length="5.00" nVehEntered="44"/>
    <interval begin="19500.00" end="20000.00" id="det_22" nVehContrib="47" flow="338.40" occupancy="79.41" speed="5.39" length="5.00" nVehEntered="47"/>
    <interval begin="19500.00" end="20000.00" id="det_31" nVehContrib="44" flow="316.80" occupancy="28.23" speed="1.56" length="5.00" nVehEntered="44"/>
    <interval begin="19500.00" end="20000.00" id="det_32" nVehContrib="44" flow="316.80" occupancy="81.59" speed="5.22" length="5.00" nVehEntered="44"/>
    <interval begin="19500.00" end="20000.00" id="det_41" nVehContrib="40" flow="288.00" occupancy="26.07" speed="1.56" length="5.00" nVehEntered="41"/>
    <interval begin="19500.00" end="20000.00" id="det_42" nVehContrib="41" flow="295.20" occupancy="72.35" speed="5.21" length="5.00" nVehEntered="41"/>
    <interval begin="20000.00" end="20500.00" id="det_11" nVehContrib="37" flow="266.40" occupancy="23.74" speed="1.56" length="5.00" nVehEntered="37"/>
    <interval begin="20000.00" end="20500.00" id="det_12" nVehContrib="32" flow="230.40" occupancy="83.40" speed="5.59" length="5.00" nVehEntered="33"/>
    <interval begin="20000.00" end="20500.00" id="det_21" nVehContrib="50" flow="360.00" occupancy="32.08" speed="1.56" length="5.00" nVehEntered="50"/>
    <interval begin="20000.00" end="20500.00" id="det_22" nVehContrib="53" flow="381.60" occupancy="85.06" speed="5.51" length="5.00" nVehEntered="53"/>
    <interval begin="20000.00" end="20500.00" id="det_31" nVehContrib="41" flow="295.20" occupancy="26.71" speed="1.56" length="5.00" nVehEntered="42"/>
    <interval begin="20000.00" end="20500.00" id="det_32" nVehContrib="45" flow="324.00" occupancy="71.96" speed="5.48" length="5.00" nVehEntered="44"/>
    <interval begin="20000.00" end="20500.00" id="det_41" nVehContrib="43" flow="309.60" occupancy="27.59" speed="1.56" length="5.00" nVehEntered="43"/>
    <interval begin="20000.00" end="20500.00" id="det_42" nVehContrib="33" flow="237.60" occupancy="69.01" speed="5.65" length="5.00" nVehEntered="33"/>
    <interval begin="20500.00" end="21000.00" id="det_11" nVehContrib="35" flow="252.00" occupancy="23.06" speed="1.56" length="5.00" nVehEntered="36"/>
    <interval begin="20500.00" end="21000.00" id="det_12" nVehContrib="44" flow="316.80" occupancy="77.32" speed="4.73" length="5.00" nVehEntered="44"/>
    <interval begin="20500.00" end="21000.00" id="det_21" nVehContrib="42" flow="302.40" occupancy="27.15" speed="1.56" length="5.00" nVehEntered="42"/>
    <interval begin="20500.00" end="21000.00" id="det_22" nVehContrib="36" flow="259.20" occupancy="86.26" speed="4.44" length="5.00" nVehEntered="36"/>
    <interval begin="20500.00" end="21000.00" id="det_31" nVehContrib="44" flow="316.80" occupancy="28.43" speed="1.56" length="5.00" nVehEntered="44"/>
    <interval begin="20500.00" end="21000.00" id="det_32" nVehContrib="42" flow="302.40" occupancy="77.88" speed="5.36" length="5.00" nVehEntered="43"/>
    <interval begin="20500.00" end="21000.00" id="det_41" nVehContrib="41" flow="295.20" occupancy="26.51" speed="1.56" length="5.00" nVehEntered="41"/>
    <interval begin="20500.00" end="21000.00" id="det_42" nVehContrib="46" flow="331.20" occupancy="79.21" speed="5.07" length="5.00" nVehEntered="46"/>
    <interval begin="21000.00" end="21500.00" id="det_11" nVehContrib="39" flow="280.80" occupancy="24.42" speed="1.56" length="5.00" nVehEntered="38"/>
    <interval begin="21000.00" end="21500.00" id="det_12" nVehContrib="29" flow="208.80" occupancy="82.27" speed="4.96" length="5.00" nVehEntered="29"/>
    <interval begin="21000.00" end="21500.00" id="det_21" nVehContrib="35" flow="252.00" occupancy="21.86" speed="1.56" length="5.00" nVehEntered="34"/>
    <interval begin="21000.00" end="21500.00" id="det_22" nVehContrib="45" flow="324.00" occupancy="85.96" speed="4.73" length="5.00" nVehEntered="45"/>
    <interval begin="21000.00" end="21500.00" id="det_31" nVehContrib="44" flow="316.80" occupancy="27.63" speed="1.56" length="5.00" nVehEntered="43"/>
    <interval begin="21000.00" end="21500.00" id="det_32" nVehContrib="46" flow="331.20" occupancy="74.48" speed="5.20" length="5.00" nVehEntered="46"/>
    <interval begin="21000.00" end="21500.00" id="det_41" nVehContrib="53" flow="381.60" occupancy="33.81" speed="1.56" length="5.00" nVehEntered="53"/>
    <interval begin="21000.00" end="21500.00" id="det_42" nVehContrib="44" flow="316.80" occupancy="75.48" speed="5.07" length="5.00" nVehEntered="44"/>
    <interval begin="21500.00" end="22000.00" id="det_11" nVehContrib="38" flow="273.60" occupancy="24.38" speed="1.56" length="5.00" nVehEntered="38"/>
    <interval begin="21500.00" end="22000.00" id="det_12" nVehContrib="45" flow="324.00" occupancy="69.30" speed="4.98" length="5.00" nVehEntered="44"/>
    <interval begin="21500.00" end="22000.00" id="det_21" nVehContrib="45" flow="324.00" occupancy="29.47" speed="1.56" length="5.00" nVehEntered="46"/>
    <interval begin="21500.00" end="22000.00" id="det_22" nVehContrib="28" flow="201.60" occupancy="91.58" speed="4.60" length="5.00" nVehEntered="28"/>
    <interval begin="21500.00" end="22000.00" id="det_31" nVehContrib="42" flow="302.40" occupancy="26.95" speed="1.56" length="5.00" nVehEntered="42"/>
    <interval begin="21500.00" end="22000.00" id="det_32" nVehContrib="43" flow="309.60" occupancy="76.94" speed="5.63" length="5.00" nVehEntered="43"/>
    <interval begin="21500.00" end="22000.00" id="det_41" nVehContrib="40" flow="288.00" occupancy="25.87" speed="1.56" length="5.00" nVehEntered="40"/>
    <interval begin="21500.00" end="22000.00" id="det_42" nVehContrib="39" flow="280.80" occupancy="77.67" speed="5.62" length="5.00" nVehEntered="39"/>
    <interval begin="22000.00" end="22500.00" id="det_11" nVehContrib="49" flow="352.80" occupancy="32.04" speed="1.56" length="5.00" nVehEntered="50"/>
    <interval begin="22000.00" end="22500.00" id="det_12" nVehContrib="52" flow="374.40" occupancy="73.10" speed="4.98" length="5.00" nVehEntered="52"/>
    <interval begin="22000.00" end="22500.00" id="det_21" nVehContrib="37" flow="266.40" occupancy="23.14" speed="1.56" length="5.00" nVehEntered="36"/>
    <interval begin="22000.00" end="22500.00" id="det_22" nVehContrib="53" flow="381.60" occupancy="67.45" speed="5.28" length="5.00" nVehEntered="53"/>
    <interval begin="22000.00" end="22500.00" id="det_31" nVehContrib="38" flow="273.60" occupancy="24.98" speed="1.56" length="5.00" nVehEntered="39"/>
    <interval begin="22000.00" end="22500.00" id="det_32" nVehContrib="35" flow="252.00" occupancy="89.04" speed="4.28" length="5.00" nVehEntered="35"/>
    <interval begin="22000.00" end="22500.00" id="det_41" nVehContrib="40" flow="288.00" occupancy="25.07" speed="1.56" length="5.00" nVehEntered="39"/>
    <interval begin="22000.00" end="22500.00" id="det_42" nVehContrib="43" flow="309.60" occupancy="87.37" speed="4.87" length="5.00" nVehEntered="43"/>
    <interval begin="22500.00" end="23000.00" id="det_11" nVehContrib="41" flow="295.20" occupancy="26.11" speed="1.56" length="5.00" nVehEntered="41"/>
    <interval begin="22500.00" end="23000.00" id="det_12" nVehContrib="32" flow="230.40" occupancy="76.54" speed="5.37" length="5.00" nVehEntered="33"/>
    <interval begin="22500.00" end="23000.00" id="det_21" nVehContrib="41" flow="295.20" occupancy="26.31" speed="1.56" length="5.00" nVehEntered="41"/>
    <interval begin="22500.00" end="23000.00" id="det_22" nVehContrib="40" flow="288.00" occupancy="71.52" speed="5.70" length="5.00" nVehEntered="40"/>
    <interval begin="22500.00" end="23000.00" id="det_31" nVehContrib="42" flow="302.40" occupancy="26.75" speed="1.56" length="5.00" nVehEntered="42"/>
    <interval begin="22500.00" end="23000.00" id="det_32" nVehContrib="30" flow="216.00" occupancy="83.88" speed="5.00" length="5.00" nVehEntered="30"/>
    <interval begin="22500.00" end="23000.00" id="det_41" nVehContrib="43" flow="309.60" occupancy="27.59" speed="1.56" length="5.00" nVehEntered="43"/>
    <interval begin="22500.00" end="23000.00" id="det_42" nVehContrib="55" flow="396.00" occupancy="80.39" speed="5.57" length="5.00" nVehEntered="54"/>
    <interval begin="23000.00" end="23500.00" id="det_11" nVehContrib="38" flow="273.60" occupancy="23.98" speed="1.56" length="5.00" nVehEntered="37"/>
    <interval begin="23000.00" end="23500.00" id="det_12" nVehContrib="30" flow="216.00" occupancy="90.48" speed="4.13" length="5.00" nVehEntered="30"/>
    <interval begin="23000.00" end="23500.00" id="det_21" nVehContrib="43" flow="309.60" occupancy="27.59" speed="1.56" length="5.00" nVehEntered="43"/>
    <interval begin="23000.00" end="23500.00" id="det_22" nVehContrib="44" flow="316.80" occupancy="71.47" speed="5.09" length="5.00" nVehEntered="44"/>
    <interval begin="23000.00" end="23500.00" id="det_31" nVehContrib="41" flow="295.20" occupancy="26.11" speed="1.56" length="5.00" nVehEntered="41"/>
    <interval begin="23000.00" end="23500.00" id="det_32" nVehContrib="53" flow="381.60" occupancy="84.61" speed="5.35" length="5.00" nVehEntered="53"/>
    <interval begin="23000.00" end="23500.00" id="det_41" nVehContrib="48" flow="345.60" occupancy="30.80" speed="1.56" length="5.00" nVehEntered="48"/>
    <interval begin="23000.00" end="23500.00" id="det_42" nVehContrib="33" flow="237.60" occupancy="74.46" speed="4.79" length="5.00" nVehEntered="34"/>
    <interval begin="23500.00" end="24000.00" id="det_11" nVehContrib="43" flow="309.60" occupancy="27.59" speed="1.56" length="5.00" nVehEntered="43"/>
    <interval begin="23500.00" end="24000.00" id="det_12" nVehContrib="54" flow="388.80" occupancy="78.10" speed="5.60" length="5.00" nVehEntered="54"/>
    <interval begin="23500.00" end="24000.00" id="det_21" nVehContrib="47" flow="338.40" occupancy="30.16" speed="1.56" length="5.00" nVehEntered="47"/>
    <interval begin="23500.00" end="24000.00" id="det_22" nVehContrib="28" flow="201.60" occupancy="75.59" speed="4.59" length="5.00" nVehEntered="27"/>
    <interval begin="23500.00" end="24000.00" id="det_31" nVehContrib="41" flow="295.20" occupancy="26.11" speed="1.56" length="5.00" nVehEntered="40"/>
    <interval begin="23500.00" end="24000.00" id="det_32" nVehContrib="38" flow="273.60" occupancy="88.92" speed="5.07" length="5.00" nVehEntered="38"/>
    <interval begin="23500.00" end="24000.00" id="det_41" nVehContrib="34" flow="244.80" occupancy="21.82" speed="1.56" length="5.00" nVehEntered="34"/>
    <interval begin="23500.00" end="24000.00" id="det_42" nVehContrib="46" flow="331.20" occupancy="73.21" speed="5.59" length="5.00" nVehEntered="46"/>
    <interval begin="24000.00" end="24500.00" id="det_11" nVehContrib="40" flow="288.00" occupancy="25.67" speed="1.56" length="5.00" nVehEntered="40"/>
    <interval begin="24000.00" end="24500.00" id="det_12" nVehContrib="42" flow="302.40" occupancy="75.94" speed="5.21" length="5.00" nVehEntered="42"/>
    <interval begin="24000.00" end="24500.00" id="det_21" nVehContrib="39" flow="280.80" occupancy="25.62" speed="1.56" length="5.00" nVehEntered="40"/>
    <interval begin="24000.00" end="24500.00" id="det_22" nVehContrib="56" flow="403.20" occupancy="84.13" speed="5.56" length="5.00" nVehEntered="56"/>
    <interval begin="24000.00" end="24500.00" id="det_31" nVehContrib="46" flow="331.20" occupancy="29.52" speed="1.56" length="5.00" nVehEntered="46"/>
    <interval begin="24000.00" end="24500.00" id="det_32" nVehContrib="36" flow="259.20" occupancy="84.09" speed="4.81" length="5.00" nVehEntered="36"/>
    <interval begin="24000.00" end="24500.00" id="det_41" nVehContrib="43" flow="309.60" occupancy="27.59" speed="1.56" length="5.00" nVehEntered="43"/>
    <interval begin="24000.00" end="24500.00" id="det_42" nVehContrib="39" flow="280.80" occupancy="80.01" speed="4.98" length="5.00" nVehEntered="39"/>
    <interval begin="24500.00" end="25000.00" id="det_11" nVehContrib="39" flow="280.80" occupancy="25.02" speed="1.56" length="5.00" nVehEntered="39"/>
    <interval begin="24500.00" end="25000.00" id="det_12" nVehContrib="43" flow="309.60" occupancy="77.45" speed="5.07" length="5.00" nVehEntered="42"/>
    <interval begin="24500.00" end="25000.00" id="det_21" nVehContrib="46" flow="331.20" occupancy="28.92" speed="1.56" length="5.00" nVehEntered="45"/>
    <interval begin="24500.00" end="25000.00" id="det_22" nVehContrib="41" flow="295.20" occupancy="77.35" speed="5.34" length="5.00" nVehEntered="42"/>
    <interval begin="24500.00" end="25000.00" id="det_31" nVehContrib="38" flow="273.60" occupancy="24.38" speed="1.56" length="5.00" nVehEntered="38"/>
    <interval begin="24500.00" end="25000.00" id="det_32" nVehContrib="49" flow="352.80" occupancy="81.09" speed="5.31" length="5.00" nVehEntered="49"/>
    <interval begin="24500.00" end="25000.00" id="det_41" nVehContrib="43" flow="309.60" occupancy="27.59" speed="1.56" length="5.00" nVehEntered="43"/>
    <interval begin="24500.00" end="25000.00" id="det_42" nVehContrib="42" flow="302.40" occupancy="75.14" speed="5.51" length="5.00" nVehEntered="42"/>
    <interval begin="25000.00" end="25500.00" id="det_11" nVehContrib="41" flow="295.20" occupancy="26.71" speed="1.56" length="5.00" nVehEntered="42"/>
    <interval begin="25000.00" end="25500.00" id="det_12" nVehContrib="34" flow="244.80" occupancy="84.83" speed="4.61" length="5.00" nVehEntered="35"/>
    <interval begin="25000.00" end="25500.00" id="det_21" nVehContrib="30" flow="216.00" occupancy="19.85" speed="1.56" length="5.00" nVehEntered="31"/>
    <interval begin="25000.00" end="25500.00" id="det_22" nVehContrib="39" flow="280.80" occupancy="67.93" speed="4.87" length="5.00" nVehEntered="39"/>
    <interval begin="25000.00" end="25500.00" id="det_31" nVehContrib="43" flow="309.60" occupancy="28.19" speed="1.56" length="5.00" nVehEntered="44"/>
    <interval begin="25000.00" end="25500.00" id="det_32" nVehContrib="40" flow="288.00" occupancy="85.06" speed="4.97" length="5.00" nVehEntered="40"/>
    <interval begin="25000.00" end="25500.00" id="det_41" nVehContrib="50" flow="360.00" occupancy="32.68" speed="1.56" length="5.00" nVehEntered="51"/>
    <interval begin="25000.00" end="25500.00" id="det_42" nVehContrib="51" flow="367.20" occupancy="77.36" speed="5.11" length="5.00" nVehEntered="51"/>
    <interval begin="25500.00" end="26000.00" id="det_11" nVehContrib="45" flow="324.00" occupancy="28.47" speed="1.56" length="5.00" nVehEntered="44"/>
    <interval begin="25500.00" end="26000.00" id="det_12" nVehContrib="48" flow="345.60" occupancy="79.34" speed="5.40" length="5.00" nVehEntered="48"/>
    <interval begin="25500.00" end="26000.00" id="det_21" nVehContrib="35" flow="252.00" occupancy="22.26" speed="1.56" length="5.00" nVehEntered="35"/>
    <interval begin="25500.00" end="26000.00" id="det_22" nVehContrib="30" flow="216.00" occupancy="63.85" speed="5.44" length="5.00" nVehEntered="30"/>
    <interval begin="25500.00" end="26000.00" id="det_31" nVehContrib="44" flow="316.80" occupancy="28.03" speed="1.56" length="5.00" nVehEntered="44"/>
    <interval begin="25500.00" end="26000.00" id="det_32" nVehContrib="46" flow="331.20" occupancy="72.49" speed="5.65" length="5.00" nVehEntered="46"/>
    <interval begin="25500.00" end="26000.00" id="det_41" nVehContrib="49" flow="352.80" occupancy="31.24" speed="1.56" length="5.00" nVehEntered="49"/>
    <interval begin="25500.00" end="26000.00" id="det_42" nVehContrib="31" flow="223.20" occupancy="88.61" speed="4.72" length="5.00" nVehEntered="31"/>
    <interval begin="26000.00" end="26500.00" id="det_11" nVehContrib="47" flow="338.40" occupancy="30.16" speed="1.56" length="5.00" nVehEntered="47"/>
    <interval begin="26000.00" end="26500.00" id="det_12" nVehContrib="40" flow="288.00" occupancy="76.61" speed="5.51" length="5.00" nVehEntered="40"/>
    <interval begin="26000.00" end="26500.00" id="det_21" nVehContrib="36" flow="259.20" occupancy="22.90" speed="1.56" length="5.00" nVehEntered="36"/>
    <interval begin="26000.00" end="26500.00" id="det_22" nVehContrib="42" flow="302.40" occupancy="82.41" speed="5.43" length="5.00" nVehEntered="42"/>
    <interval begin="26000.00" end="26500.00" id="det_31" nVehContrib="34" flow="244.80" occupancy="21.62" speed="1.56" length="5.00" nVehEntered="34"/>
    <interval begin="26000.00" end="26500.00" id="det_32" nVehContrib="31" flow="223.20" occupancy="81.21" speed="4.63" length="5.00" nVehEntered="30"/>
    <interval begin="26000.00" end="26500.00" id="det_41" nVehContrib="44" flow="316.80" occupancy="28.03" speed="1.56" length="5.00" nVehEntered="44"/>
    <interval begin="26000.00" end="26500.00" id="det_42" nVehContrib="56" flow="403.20" occupancy="84.16" speed="5.71" length="5.00" nVehEntered="56"/>
    <interval begin="26500.00" end="27000.00" id="det_11" nVehContrib="45" flow="324.00" occupancy="29.27" speed="1.56" length="5.00" nVehEntered="46"/>
    <interval begin="26500.00" end="27000.00" id="det_12" nVehContrib="45" flow="324.00" occupancy="86.70" speed="4.79" length="5.00" nVehEntered="45"/>
    <interval begin="26500.00" end="27000.00" id="det_21" nVehContrib="36" flow="259.20" occupancy="23.50" speed="1.56" length="5.00" nVehEntered="36"/>
    <interval begin="26500.00" end="27000.00" id="det_22" nVehContrib="32" flow="230.40" occupancy="86.41" speed="4.19" length="5.00" nVehEntered="32"/>
    <interval begin="26500.00" end="27000.00" id="det_31" nVehContrib="40" flow="288.00" occupancy="26.07" speed="1.56" length="5.00" nVehEntered="40"/>
    <interval begin="26500.00" end="27000.00" id="det_32" nVehContrib="43" flow="309.60" occupancy="80.39" speed="5.29" length="5.00" nVehEntered="44"/>
    <interval begin="26500.00" end="27000.00" id="det_41" nVehContrib="45" flow="324.00" occupancy="29.27" speed="1.56" length="5.00" nVehEntered="45"/>
    <interval begin="26500.00" end="27000.00" id="det_42" nVehContrib="57" flow="410.40" occupancy="76.93" speed="5.39" length="5.00" nVehEntered="57"/>
    <interval begin="27000.00" end="27500.00" id="det_11" nVehContrib="41" flow="295.20" occupancy="25.91" speed="1.56" length="5.00" nVehEntered="40"/>
    <interval begin="27000.00" end="27500.00" id="det_12" nVehContrib="48" flow="345.60" occupancy="76.39" speed="5.48" length="5.00" nVehEntered="48"/>
    <interval begin="27000.00" end="27500.00" id="det_21" nVehContrib="41" flow="295.20" occupancy="25.71" speed="1.56" length="5.00" nVehEntered="40"/>
    <interval begin="27000.00" end="27500.00" id="det_22" nVehContrib="39" flow="280.80" occupancy="84.61" speed="4.88" length="5.00" nVehEntered="39"/>
    <interval begin="27000.00" end="27500.00" id="det_31" nVehContrib="36" flow="259.20" occupancy="22.50" speed="1.56" length="5.00" nVehEntered="35"/>
    <interval begin="27000.00" end="27500.00" id="det_32" nVehContrib="45" flow="324.00" occupancy="66.54" speed="5.56" length="5.00" nVehEntered="44"/>
    <interval begin="27000.00" end="27500.00" id="det_41" nVehContrib="51" flow="367.20" occupancy="32.12" speed="1.56" length="5.00" nVehEntered="50"/>
    <interval begin="27000.00" end="27500.00" id="det_42" nVehContrib="36" flow="259.20" occupancy="78.27" speed="5.15" length="5.00" nVehEntered="36"/>
    <interval begin="27500.00" end="28000.00" id="det_11" nVehContrib="34" flow="244.80" occupancy="21.82" speed="1.56" length="5.00" nVehEntered="34"/>
    <interval begin="27500.00" end="28000.00" id="det_12" nVehContrib="32" flow="230.40" occupancy="70.81" speed="4.81" length="5.00" nVehEntered="32"/>
    <interval begin="27500.00" end="28000.00" id="det_21" nVehContrib="40" flow="288.00" occupancy="25.67" speed="1.56" length="5.00" nVehEntered="40"/>
    <interval begin="27500.00" end="28000.00" id="det_22" nVehContrib="38" flow="273.60" occupancy="81.19" speed="4.70" length="5.00" nVehEntered="37"/>
    <interval begin="27500.00" end="28000.00" id="det_31" nVehContrib="52" flow="374.40" occupancy="33.37" speed="1.56" length="5.00" nVehEntered="52"/>
    <interval begin="27500.00" end="28000.00" id="det_32" nVehContrib="38" flow="273.60" occupancy="65.66" speed="5.86" length="5.00" nVehEntered="39"/>
    <interval begin="27500.00" end="28000.00" id="det_41" nVehContrib="40" flow="288.00" occupancy="25.67" speed="1.56" length="5.00" nVehEntered="40"/>
    <interval begin="27500.00" end="28000.00" id="det_42" nVehContrib="49" flow="352.80" occupancy="85.90" speed="5.39" length="5.00" nVehEntered="49"/>
    <interval begin="28000.00" end="28500.00" id="det_11" nVehContrib="42" flow="302.40" occupancy="26.95" speed="1.56" length="5.00" nVehEntered="42"/>
    <interval begin="28000.00" end="28500.00" id="det_12" nVehContrib="41" flow="295.20" occupancy="76.43" speed="5.44" length="5.00" nVehEntered="41"/>
    <interval begin="28000.00" end="28500.00" id="det_21" nVehContrib="40" flow="288.00" occupancy="25.67" speed="1.56" length="5.00" nVehEntered="40"/>
    <interval begin="28000.00" end="28500.00" id="det_22" nVehContrib="48" flow="345.60" occupancy="72.68" speed="5.70" length="5.00" nVehEntered="49"/>
    <interval begin="28000.00" end="28500.00" id="det_31" nVehContrib="34" flow="244.80" occupancy="21.82" speed="1.56" length="5.00" nVehEntered="34"/>
    <interval begin="28000.00" end="28500.00" id="det_32" nVehContrib="35" flow="252.00" occupancy="87.25" speed="4.57" length="5.00" nVehEntered="34"/>
    <interval begin="28000.00" end="28500.00" id="det_41" nVehContrib="54" flow="388.80" occupancy="34.65" speed="1.56" length="5.00" nVehEntered="54"/>
    <interval begin="28000.00" end="28500.00" id="det_42" nVehContrib="53" flow="381.60" occupancy="76.74" speed="5.89" length="5.00" nVehEntered="53"/>
    <interval begin="28500.00" end="29000.00" id="det_11" nVehContrib="56" flow="403.20" occupancy="35.93" speed="1.56" length="5.00" nVehEntered="56"/>
    <interval begin="28500.00" end="29000.00" id="det_12" nVehContrib="56" flow="403.20" occupancy="65.68" speed="5.41" length="5.00" nVehEntered="55"/>
    <interval begin="28500.00" end="29000.00" id="det_21" nVehContrib="41" flow="295.20" occupancy="26.51" speed="1.56" length="5.00" nVehEntered="42"/>
    <interval begin="28500.00" end="29000.00" id="det_22" nVehContrib="39" flow="280.80" occupancy="70.08" speed="5.31" length="5.00" nVehEntered="39"/>
    <interval begin="28500.00" end="29000.00" id="det_31" nVehContrib="36" flow="259.20" occupancy="23.10" speed="1.56" length="5.00" nVehEntered="36"/>
    <interval begin="28500.00" end="29000.00" id="det_32" nVehContrib="38" flow="273.60" occupancy="88.84" speed="5.08" length="5.00" nVehEntered="39"/>
    <interval begin="28500.00" end="29000.00" id="det_41" nVehContrib="30" flow="216.00" occupancy="19.25" speed="1.56" length="5.00" nVehEntered="30"/>
    <interval begin="28500.00" end="29000.00" id="det_42" nVehContrib="32" flow="230.40" occupancy="78.38" speed="4.81" length="5.00" nVehEntered="32"/>
    <interval begin="29000.00" end="29500.00" id="det_11" nVehContrib="42" flow="302.40" occupancy="26.95" speed="1.56" length="5.00" nVehEntered="42"/>
    <interval begin="29000.00" end="29500.00" id="det_12" nVehContrib="45" flow="324.00" occupancy="63.34" speed="5.81" length="5.00" nVehEntered="45"/>
    <interval begin="29000.00" end="29500.00" id="det_21" nVehContrib="51" flow="367.20" occupancy="32.52" speed="1.56" length="5.00" nVehEntered="50"/>
    <interval begin="29000.00" end="29500.00" id="det_22" nVehContrib="51" flow="367.20" occupancy="76.06" speed="5.25" length="5.00" nVehEntered="51"/>
    <interval begin="29000.00" end="29500.00" id="det_31" nVehContrib="39" flow="280.80" occupancy="25.02" speed="1.56" length="5.00" nVehEntered="39"/>
    <interval begin="29000.00" end="29500.00" id="det_32" nVehContrib="33" flow="237.60" occupancy="89.90" speed="4.59" length="5.00" nVehEntered="33"/>
    <interval begin="29000.00" end="29500.00" id="det_41" nVehContrib="34" flow="244.80" occupancy="21.82" speed="1.56" length="5.00" nVehEntered="34"/>
    <interval begin="29000.00" end="29500.00" id="det_42" nVehContrib="31" flow="223.20" occupancy="76.07" speed="4.42" length="5.00" nVehEntered="31"/>
    <interval begin="29500.00" end="30000.00" id="det_11" nVehContrib="50" flow="360.00" occupancy="32.68" speed="1.56" length="5.00" nVehEntered="51"/>
    <interval begin="29500.00" end="30000.00" id="det_12" nVehContrib="48" flow="345.60" occupancy="76.44" speed="5.29" length="5.00" nVehEntered="49"/>
    <interval begin="29500.00" end="30000.00" id="det_21" nVehContrib="42" flow="302.40" occupancy="26.95" speed="1.56" length="5.00" nVehEntered="42"/>
    <interval begin="29500.00" end="30000.00" id="det_22" nVehContrib="41" flow="295.20" occupancy="73.22" speed="4.63" length="5.00" nVehEntered="41"/>
    <interval begin="29500.00" end="30000.00" id="det_31" nVehContrib="36" flow="259.20" occupancy="23.10" speed="1.56" length="5.00" nVehEntered="36"/>
    <interval begin="29500.00" end="30000.00" id="det_32" nVehContrib="46" flow="331.20" occupancy="60.18" speed="5.48" length="5.00" nVehEntered="46"/>
    <interval begin="29500.00" end="30000.00" id="det_41" nVehContrib="38" flow="273.60" occupancy="24.38" speed="1.56" length="5.00" nVehEntered="38"/>
    <interval begin="29500.00" end="30000.00" id="det_42" nVehContrib="34" flow="244.80" occupancy="89.26" speed="4.25" length="5.00" nVehEntered="34"/>
    <interval begin="30000.00" end="30142.00" id="det_11" nVehContrib="1" flow="25.35" occupancy="0.15" speed="1.56" length="5.00" nVehEntered="0"/>
    <interval begin="30000.00" end="30142.00" id="det_12" nVehContrib="8" flow="202.82" occupancy="27.61" speed="4.66" length="5.00" nVehEntered="7"/>
    <interval begin="30000.00" end="30142.00" id="det_21" nVehContrib="0" flow="0.00" occupancy="0.00" speed="-1.00" length="-1.00" nVehEntered="0"/>
    <interval begin="30000.00" end="30142.00" id="det_22" nVehContrib="6" flow="152.11" occupancy="55.43" speed="4.51" length="5.00" nVehEntered="6"/>
    <interval begin="30000.00" end="30142.00" id="det_31" nVehContrib="0" flow="0.00" occupancy="0.00" speed="-1.00" length="-1.00" nVehEntered="0"/>
    <interval begin="30000.00" end="30142.00" id="det_32" nVehContrib="6" flow="152.11" occupancy="93.07" speed="2.39" length="5.00" nVehEntered="5"/>
    <interval begin="30000.00" end="30142.00" id="det_41" nVehContrib="0" flow="0.00" occupancy="0.00" speed="-1.00" length="-1.00" nVehEntered="0"/>
    <interval begin="30000.00" end="30142.00" id="det_42" nVehContrib="13" flow="329.58" occupancy="44.22" speed="5.68" length="5.00" nVehEntered="12"/>
</detector>
